[]2017-10-21T08:04:07,511Z INFO  c.e.d.c.CombineApplicationTests - Starting CombineApplicationTests on khans-MBP with PID 6489 (started by khan in /Users/khan/combine)
[]2017-10-21T08:04:07,528Z INFO  c.e.d.c.CombineApplicationTests - The following profiles are active: dev
[]2017-10-21T08:04:30,195Z INFO  org.mongodb.driver.cluster - Cluster created with settings {hosts=[localhost:27017], mode=MULTIPLE, requiredClusterType=UNKNOWN, serverSelectionTimeout='30000 ms', maxWaitQueueSize=500}
[]2017-10-21T08:04:30,197Z INFO  org.mongodb.driver.cluster - Adding discovered server localhost:27017 to client view of cluster
[]2017-10-21T08:04:31,033Z INFO  org.mongodb.driver.connection - Opened connection [connectionId{localValue:1, serverValue:1}] to localhost:27017
[]2017-10-21T08:04:31,038Z INFO  org.mongodb.driver.cluster - Monitor thread successfully connected to server with description ServerDescription{address=localhost:27017, type=STANDALONE, state=CONNECTED, ok=true, version=ServerVersion{versionList=[3, 4, 0]}, minWireVersion=0, maxWireVersion=5, maxDocumentSize=16777216, roundTripTimeNanos=924034}
[]2017-10-21T08:04:31,042Z INFO  org.mongodb.driver.cluster - Discovered cluster type of STANDALONE
[]2017-10-21T08:04:36,291Z INFO  c.e.d.c.CombineApplicationTests - Started CombineApplicationTests in 32.625 seconds (JVM running for 43.739)
[]2017-10-21T08:07:41,813Z INFO  c.e.data.combine.CombineApplication - Starting CombineApplication on khans-MBP with PID 6826 (/Users/khan/combine/target/classes started by khan in /Users/khan/combine)
[]2017-10-21T08:07:41,819Z INFO  c.e.data.combine.CombineApplication - The following profiles are active: dev
[]2017-10-21T08:07:45,704Z INFO  o.a.catalina.core.StandardService - Starting service [Tomcat]
[]2017-10-21T08:07:45,707Z INFO  o.a.catalina.core.StandardEngine - Starting Servlet Engine: Apache Tomcat/8.5.23
[]2017-10-21T08:07:45,966Z INFO  o.a.c.c.C.[Tomcat].[localhost].[/] - Initializing Spring embedded WebApplicationContext
[]2017-10-21T08:07:49,295Z INFO  org.mongodb.driver.cluster - Cluster created with settings {hosts=[localhost:27017], mode=MULTIPLE, requiredClusterType=UNKNOWN, serverSelectionTimeout='30000 ms', maxWaitQueueSize=500}
[]2017-10-21T08:07:49,296Z INFO  org.mongodb.driver.cluster - Adding discovered server localhost:27017 to client view of cluster
[]2017-10-21T08:07:49,705Z INFO  org.mongodb.driver.connection - Opened connection [connectionId{localValue:1, serverValue:2}] to localhost:27017
[]2017-10-21T08:07:49,710Z INFO  org.mongodb.driver.cluster - Monitor thread successfully connected to server with description ServerDescription{address=localhost:27017, type=STANDALONE, state=CONNECTED, ok=true, version=ServerVersion{versionList=[3, 4, 0]}, minWireVersion=0, maxWireVersion=5, maxDocumentSize=16777216, roundTripTimeNanos=916283}
[]2017-10-21T08:07:49,713Z INFO  org.mongodb.driver.cluster - Discovered cluster type of STANDALONE
[]2017-10-21T08:07:53,431Z INFO  o.a.coyote.http11.Http11NioProtocol - Initializing ProtocolHandler ["http-nio-8080"]
[]2017-10-21T08:07:53,452Z INFO  o.a.coyote.http11.Http11NioProtocol - Starting ProtocolHandler ["http-nio-8080"]
[]2017-10-21T08:07:53,489Z INFO  o.a.tomcat.util.net.NioSelectorPool - Using a shared selector for servlet write/read
[]2017-10-21T08:07:53,532Z INFO  c.e.data.combine.CombineApplication - Started CombineApplication in 12.583 seconds (JVM running for 15.503)
[]2017-10-21T08:10:15,716Z INFO  c.e.data.combine.CombineApplication - Starting CombineApplication on khans-MBP with PID 7007 (/Users/khan/combine/target/classes started by khan in /Users/khan/combine)
[]2017-10-21T08:10:15,719Z INFO  c.e.data.combine.CombineApplication - The following profiles are active: dev
[]2017-10-21T08:10:19,212Z INFO  o.a.catalina.core.StandardService - Starting service [Tomcat]
[]2017-10-21T08:10:19,214Z INFO  o.a.catalina.core.StandardEngine - Starting Servlet Engine: Apache Tomcat/8.5.23
[]2017-10-21T08:10:19,506Z INFO  o.a.c.c.C.[Tomcat].[localhost].[/] - Initializing Spring embedded WebApplicationContext
[]2017-10-21T08:10:22,229Z INFO  org.mongodb.driver.cluster - Cluster created with settings {hosts=[localhost:27017], mode=MULTIPLE, requiredClusterType=UNKNOWN, serverSelectionTimeout='30000 ms', maxWaitQueueSize=500}
[]2017-10-21T08:10:22,229Z INFO  org.mongodb.driver.cluster - Adding discovered server localhost:27017 to client view of cluster
[]2017-10-21T08:10:22,666Z INFO  org.mongodb.driver.connection - Opened connection [connectionId{localValue:1, serverValue:3}] to localhost:27017
[]2017-10-21T08:10:22,669Z INFO  org.mongodb.driver.cluster - Monitor thread successfully connected to server with description ServerDescription{address=localhost:27017, type=STANDALONE, state=CONNECTED, ok=true, version=ServerVersion{versionList=[3, 4, 0]}, minWireVersion=0, maxWireVersion=5, maxDocumentSize=16777216, roundTripTimeNanos=1277435}
[]2017-10-21T08:10:22,672Z INFO  org.mongodb.driver.cluster - Discovered cluster type of STANDALONE
[]2017-10-21T08:10:24,992Z INFO  o.a.coyote.http11.Http11NioProtocol - Initializing ProtocolHandler ["http-nio-8080"]
[]2017-10-21T08:10:25,009Z INFO  o.a.coyote.http11.Http11NioProtocol - Starting ProtocolHandler ["http-nio-8080"]
[]2017-10-21T08:10:25,041Z INFO  o.a.tomcat.util.net.NioSelectorPool - Using a shared selector for servlet write/read
[]2017-10-21T08:10:25,079Z INFO  c.e.data.combine.CombineApplication - Started CombineApplication in 10.089 seconds (JVM running for 11.369)
[]2017-10-21T08:12:41,168Z INFO  c.e.data.combine.CombineApplication - Starting CombineApplication on khans-MBP with PID 7176 (/Users/khan/combine/target/classes started by khan in /Users/khan/combine)
[]2017-10-21T08:12:41,173Z INFO  c.e.data.combine.CombineApplication - The following profiles are active: dev
[]2017-10-21T08:12:44,924Z INFO  o.a.catalina.core.StandardService - Starting service [Tomcat]
[]2017-10-21T08:12:44,927Z INFO  o.a.catalina.core.StandardEngine - Starting Servlet Engine: Apache Tomcat/8.5.23
[]2017-10-21T08:12:45,155Z INFO  o.a.c.c.C.[Tomcat].[localhost].[/] - Initializing Spring embedded WebApplicationContext
[]2017-10-21T08:12:48,403Z INFO  org.mongodb.driver.cluster - Cluster created with settings {hosts=[localhost:27017], mode=MULTIPLE, requiredClusterType=UNKNOWN, serverSelectionTimeout='30000 ms', maxWaitQueueSize=500}
[]2017-10-21T08:12:48,403Z INFO  org.mongodb.driver.cluster - Adding discovered server localhost:27017 to client view of cluster
[]2017-10-21T08:12:48,798Z INFO  org.mongodb.driver.connection - Opened connection [connectionId{localValue:1, serverValue:4}] to localhost:27017
[]2017-10-21T08:12:48,803Z INFO  org.mongodb.driver.cluster - Monitor thread successfully connected to server with description ServerDescription{address=localhost:27017, type=STANDALONE, state=CONNECTED, ok=true, version=ServerVersion{versionList=[3, 4, 0]}, minWireVersion=0, maxWireVersion=5, maxDocumentSize=16777216, roundTripTimeNanos=890620}
[]2017-10-21T08:12:48,806Z INFO  org.mongodb.driver.cluster - Discovered cluster type of STANDALONE
[]2017-10-21T08:12:52,078Z INFO  o.a.coyote.http11.Http11NioProtocol - Initializing ProtocolHandler ["http-nio-8080"]
[]2017-10-21T08:12:52,100Z INFO  o.a.coyote.http11.Http11NioProtocol - Starting ProtocolHandler ["http-nio-8080"]
[]2017-10-21T08:12:52,128Z INFO  o.a.tomcat.util.net.NioSelectorPool - Using a shared selector for servlet write/read
[]2017-10-21T08:12:52,171Z INFO  c.e.data.combine.CombineApplication - Started CombineApplication in 11.993 seconds (JVM running for 13.474)
[]2017-10-21T08:13:25,848Z INFO  o.a.c.c.C.[Tomcat].[localhost].[/] - Initializing Spring FrameworkServlet 'dispatcherServlet'
[]2017-10-21T08:47:59,712Z INFO  c.e.data.combine.CombineApplication - Starting CombineApplication on khans-MBP with PID 9502 (/Users/khan/combine/target/classes started by khan in /Users/khan/combine)
[]2017-10-21T08:47:59,723Z INFO  c.e.data.combine.CombineApplication - The following profiles are active: dev
[]2017-10-21T08:48:04,075Z INFO  o.a.catalina.core.StandardService - Starting service [Tomcat]
[]2017-10-21T08:48:04,078Z INFO  o.a.catalina.core.StandardEngine - Starting Servlet Engine: Apache Tomcat/8.5.23
[]2017-10-21T08:48:04,277Z INFO  o.a.c.c.C.[Tomcat].[localhost].[/] - Initializing Spring embedded WebApplicationContext
[]2017-10-21T08:48:08,194Z INFO  org.mongodb.driver.cluster - Cluster created with settings {hosts=[localhost:27017], mode=MULTIPLE, requiredClusterType=UNKNOWN, serverSelectionTimeout='30000 ms', maxWaitQueueSize=500}
[]2017-10-21T08:48:08,195Z INFO  org.mongodb.driver.cluster - Adding discovered server localhost:27017 to client view of cluster
[]2017-10-21T08:48:08,652Z INFO  org.mongodb.driver.connection - Opened connection [connectionId{localValue:1, serverValue:5}] to localhost:27017
[]2017-10-21T08:48:08,655Z INFO  org.mongodb.driver.cluster - Monitor thread successfully connected to server with description ServerDescription{address=localhost:27017, type=STANDALONE, state=CONNECTED, ok=true, version=ServerVersion{versionList=[3, 4, 0]}, minWireVersion=0, maxWireVersion=5, maxDocumentSize=16777216, roundTripTimeNanos=839445}
[]2017-10-21T08:48:08,657Z INFO  org.mongodb.driver.cluster - Discovered cluster type of STANDALONE
[]2017-10-21T08:48:11,919Z INFO  o.a.coyote.http11.Http11NioProtocol - Initializing ProtocolHandler ["http-nio-8080"]
[]2017-10-21T08:48:11,938Z INFO  o.a.coyote.http11.Http11NioProtocol - Starting ProtocolHandler ["http-nio-8080"]
[]2017-10-21T08:48:11,964Z INFO  o.a.tomcat.util.net.NioSelectorPool - Using a shared selector for servlet write/read
[]2017-10-21T08:48:12,009Z INFO  c.e.data.combine.CombineApplication - Started CombineApplication in 13.227 seconds (JVM running for 14.965)
[]2017-10-21T08:48:33,915Z INFO  o.a.c.c.C.[Tomcat].[localhost].[/] - Initializing Spring FrameworkServlet 'dispatcherServlet'
[]2017-10-21T08:48:34,069Z INFO  c.e.d.c.c.PostgresController - findUserName with name : waseem
[]2017-10-21T08:49:21,935Z ERROR c.e.d.c.c.PostgresController - Failed in findUserName request : waseem, error: {}
java.lang.NullPointerException: null
	at com.example.data.combine.service.impl.PostgresUserServiceImpl.converter(PostgresUserServiceImpl.java:46)
	at com.example.data.combine.controller.PostgresController.findUserName(PostgresController.java:56)
	at sun.reflect.NativeMethodAccessorImpl.invoke0(Native Method)
	at sun.reflect.NativeMethodAccessorImpl.invoke(NativeMethodAccessorImpl.java:62)
	at sun.reflect.DelegatingMethodAccessorImpl.invoke(DelegatingMethodAccessorImpl.java:43)
	at java.lang.reflect.Method.invoke(Method.java:498)
	at org.springframework.web.method.support.InvocableHandlerMethod.doInvoke(InvocableHandlerMethod.java:205)
	at org.springframework.web.method.support.InvocableHandlerMethod.invokeForRequest(InvocableHandlerMethod.java:133)
	at org.springframework.web.servlet.mvc.method.annotation.ServletInvocableHandlerMethod.invokeAndHandle(ServletInvocableHandlerMethod.java:97)
	at org.springframework.web.servlet.mvc.method.annotation.RequestMappingHandlerAdapter.invokeHandlerMethod(RequestMappingHandlerAdapter.java:827)
	at org.springframework.web.servlet.mvc.method.annotation.RequestMappingHandlerAdapter.handleInternal(RequestMappingHandlerAdapter.java:738)
	at org.springframework.web.servlet.mvc.method.AbstractHandlerMethodAdapter.handle(AbstractHandlerMethodAdapter.java:85)
	at org.springframework.web.servlet.DispatcherServlet.doDispatch(DispatcherServlet.java:967)
	at org.springframework.web.servlet.DispatcherServlet.doService(DispatcherServlet.java:901)
	at org.springframework.web.servlet.FrameworkServlet.processRequest(FrameworkServlet.java:970)
	at org.springframework.web.servlet.FrameworkServlet.doGet(FrameworkServlet.java:861)
	at javax.servlet.http.HttpServlet.service(HttpServlet.java:635)
	at org.springframework.web.servlet.FrameworkServlet.service(FrameworkServlet.java:846)
	at javax.servlet.http.HttpServlet.service(HttpServlet.java:742)
	at org.apache.catalina.core.ApplicationFilterChain.internalDoFilter(ApplicationFilterChain.java:231)
	at org.apache.catalina.core.ApplicationFilterChain.doFilter(ApplicationFilterChain.java:166)
	at org.apache.tomcat.websocket.server.WsFilter.doFilter(WsFilter.java:52)
	at org.apache.catalina.core.ApplicationFilterChain.internalDoFilter(ApplicationFilterChain.java:193)
	at org.apache.catalina.core.ApplicationFilterChain.doFilter(ApplicationFilterChain.java:166)
	at org.springframework.web.filter.RequestContextFilter.doFilterInternal(RequestContextFilter.java:99)
	at org.springframework.web.filter.OncePerRequestFilter.doFilter(OncePerRequestFilter.java:107)
	at org.apache.catalina.core.ApplicationFilterChain.internalDoFilter(ApplicationFilterChain.java:193)
	at org.apache.catalina.core.ApplicationFilterChain.doFilter(ApplicationFilterChain.java:166)
	at org.springframework.web.filter.HttpPutFormContentFilter.doFilterInternal(HttpPutFormContentFilter.java:108)
	at org.springframework.web.filter.OncePerRequestFilter.doFilter(OncePerRequestFilter.java:107)
	at org.apache.catalina.core.ApplicationFilterChain.internalDoFilter(ApplicationFilterChain.java:193)
	at org.apache.catalina.core.ApplicationFilterChain.doFilter(ApplicationFilterChain.java:166)
	at org.springframework.web.filter.HiddenHttpMethodFilter.doFilterInternal(HiddenHttpMethodFilter.java:81)
	at org.springframework.web.filter.OncePerRequestFilter.doFilter(OncePerRequestFilter.java:107)
	at org.apache.catalina.core.ApplicationFilterChain.internalDoFilter(ApplicationFilterChain.java:193)
	at org.apache.catalina.core.ApplicationFilterChain.doFilter(ApplicationFilterChain.java:166)
	at org.springframework.web.filter.CharacterEncodingFilter.doFilterInternal(CharacterEncodingFilter.java:197)
	at org.springframework.web.filter.OncePerRequestFilter.doFilter(OncePerRequestFilter.java:107)
	at org.apache.catalina.core.ApplicationFilterChain.internalDoFilter(ApplicationFilterChain.java:193)
	at org.apache.catalina.core.ApplicationFilterChain.doFilter(ApplicationFilterChain.java:166)
	at org.apache.catalina.core.StandardWrapperValve.invoke(StandardWrapperValve.java:199)
	at org.apache.catalina.core.StandardContextValve.invoke(StandardContextValve.java:96)
	at org.apache.catalina.authenticator.AuthenticatorBase.invoke(AuthenticatorBase.java:478)
	at org.apache.catalina.core.StandardHostValve.invoke(StandardHostValve.java:140)
	at org.apache.catalina.valves.ErrorReportValve.invoke(ErrorReportValve.java:81)
	at org.apache.catalina.core.StandardEngineValve.invoke(StandardEngineValve.java:87)
	at org.apache.catalina.connector.CoyoteAdapter.service(CoyoteAdapter.java:342)
	at org.apache.coyote.http11.Http11Processor.service(Http11Processor.java:803)
	at org.apache.coyote.AbstractProcessorLight.process(AbstractProcessorLight.java:66)
	at org.apache.coyote.AbstractProtocol$ConnectionHandler.process(AbstractProtocol.java:868)
	at org.apache.tomcat.util.net.NioEndpoint$SocketProcessor.doRun(NioEndpoint.java:1459)
	at org.apache.tomcat.util.net.SocketProcessorBase.run(SocketProcessorBase.java:49)
	at java.util.concurrent.ThreadPoolExecutor.runWorker(ThreadPoolExecutor.java:1142)
	at java.util.concurrent.ThreadPoolExecutor$Worker.run(ThreadPoolExecutor.java:617)
	at org.apache.tomcat.util.threads.TaskThread$WrappingRunnable.run(TaskThread.java:61)
	at java.lang.Thread.run(Thread.java:745)
[]2017-10-21T08:50:38,379Z INFO  c.e.data.combine.CombineApplication - Starting CombineApplication on khans-MBP with PID 9683 (/Users/khan/combine/target/classes started by khan in /Users/khan/combine)
[]2017-10-21T08:50:38,384Z INFO  c.e.data.combine.CombineApplication - The following profiles are active: dev
[]2017-10-21T08:50:42,241Z INFO  o.a.catalina.core.StandardService - Starting service [Tomcat]
[]2017-10-21T08:50:42,248Z INFO  o.a.catalina.core.StandardEngine - Starting Servlet Engine: Apache Tomcat/8.5.23
[]2017-10-21T08:50:42,427Z INFO  o.a.c.c.C.[Tomcat].[localhost].[/] - Initializing Spring embedded WebApplicationContext
[]2017-10-21T08:50:45,332Z INFO  org.mongodb.driver.cluster - Cluster created with settings {hosts=[localhost:27017], mode=MULTIPLE, requiredClusterType=UNKNOWN, serverSelectionTimeout='30000 ms', maxWaitQueueSize=500}
[]2017-10-21T08:50:45,333Z INFO  org.mongodb.driver.cluster - Adding discovered server localhost:27017 to client view of cluster
[]2017-10-21T08:50:45,693Z INFO  org.mongodb.driver.connection - Opened connection [connectionId{localValue:1, serverValue:6}] to localhost:27017
[]2017-10-21T08:50:45,696Z INFO  org.mongodb.driver.cluster - Monitor thread successfully connected to server with description ServerDescription{address=localhost:27017, type=STANDALONE, state=CONNECTED, ok=true, version=ServerVersion{versionList=[3, 4, 0]}, minWireVersion=0, maxWireVersion=5, maxDocumentSize=16777216, roundTripTimeNanos=1047641}
[]2017-10-21T08:50:45,698Z INFO  org.mongodb.driver.cluster - Discovered cluster type of STANDALONE
[]2017-10-21T08:50:48,734Z INFO  o.a.coyote.http11.Http11NioProtocol - Initializing ProtocolHandler ["http-nio-8080"]
[]2017-10-21T08:50:48,752Z INFO  o.a.coyote.http11.Http11NioProtocol - Starting ProtocolHandler ["http-nio-8080"]
[]2017-10-21T08:50:48,776Z INFO  o.a.tomcat.util.net.NioSelectorPool - Using a shared selector for servlet write/read
[]2017-10-21T08:50:48,818Z INFO  c.e.data.combine.CombineApplication - Started CombineApplication in 11.393 seconds (JVM running for 13.328)
[]2017-10-21T08:50:56,915Z INFO  o.a.c.c.C.[Tomcat].[localhost].[/] - Initializing Spring FrameworkServlet 'dispatcherServlet'
[]2017-10-21T08:50:57,028Z INFO  c.e.d.c.c.PostgresController - findUserName with name : waseem
[]2017-10-21T08:53:19,021Z ERROR c.e.d.c.c.PostgresController - Failed in findUserName request : waseem, error: {}
java.lang.NullPointerException: null
	at com.example.data.combine.service.impl.PostgresUserServiceImpl.converter(PostgresUserServiceImpl.java:46)
	at com.example.data.combine.controller.PostgresController.findUserName(PostgresController.java:56)
	at sun.reflect.NativeMethodAccessorImpl.invoke0(Native Method)
	at sun.reflect.NativeMethodAccessorImpl.invoke(NativeMethodAccessorImpl.java:62)
	at sun.reflect.DelegatingMethodAccessorImpl.invoke(DelegatingMethodAccessorImpl.java:43)
	at java.lang.reflect.Method.invoke(Method.java:498)
	at org.springframework.web.method.support.InvocableHandlerMethod.doInvoke(InvocableHandlerMethod.java:205)
	at org.springframework.web.method.support.InvocableHandlerMethod.invokeForRequest(InvocableHandlerMethod.java:133)
	at org.springframework.web.servlet.mvc.method.annotation.ServletInvocableHandlerMethod.invokeAndHandle(ServletInvocableHandlerMethod.java:97)
	at org.springframework.web.servlet.mvc.method.annotation.RequestMappingHandlerAdapter.invokeHandlerMethod(RequestMappingHandlerAdapter.java:827)
	at org.springframework.web.servlet.mvc.method.annotation.RequestMappingHandlerAdapter.handleInternal(RequestMappingHandlerAdapter.java:738)
	at org.springframework.web.servlet.mvc.method.AbstractHandlerMethodAdapter.handle(AbstractHandlerMethodAdapter.java:85)
	at org.springframework.web.servlet.DispatcherServlet.doDispatch(DispatcherServlet.java:967)
	at org.springframework.web.servlet.DispatcherServlet.doService(DispatcherServlet.java:901)
	at org.springframework.web.servlet.FrameworkServlet.processRequest(FrameworkServlet.java:970)
	at org.springframework.web.servlet.FrameworkServlet.doGet(FrameworkServlet.java:861)
	at javax.servlet.http.HttpServlet.service(HttpServlet.java:635)
	at org.springframework.web.servlet.FrameworkServlet.service(FrameworkServlet.java:846)
	at javax.servlet.http.HttpServlet.service(HttpServlet.java:742)
	at org.apache.catalina.core.ApplicationFilterChain.internalDoFilter(ApplicationFilterChain.java:231)
	at org.apache.catalina.core.ApplicationFilterChain.doFilter(ApplicationFilterChain.java:166)
	at org.apache.tomcat.websocket.server.WsFilter.doFilter(WsFilter.java:52)
	at org.apache.catalina.core.ApplicationFilterChain.internalDoFilter(ApplicationFilterChain.java:193)
	at org.apache.catalina.core.ApplicationFilterChain.doFilter(ApplicationFilterChain.java:166)
	at org.springframework.web.filter.RequestContextFilter.doFilterInternal(RequestContextFilter.java:99)
	at org.springframework.web.filter.OncePerRequestFilter.doFilter(OncePerRequestFilter.java:107)
	at org.apache.catalina.core.ApplicationFilterChain.internalDoFilter(ApplicationFilterChain.java:193)
	at org.apache.catalina.core.ApplicationFilterChain.doFilter(ApplicationFilterChain.java:166)
	at org.springframework.web.filter.HttpPutFormContentFilter.doFilterInternal(HttpPutFormContentFilter.java:108)
	at org.springframework.web.filter.OncePerRequestFilter.doFilter(OncePerRequestFilter.java:107)
	at org.apache.catalina.core.ApplicationFilterChain.internalDoFilter(ApplicationFilterChain.java:193)
	at org.apache.catalina.core.ApplicationFilterChain.doFilter(ApplicationFilterChain.java:166)
	at org.springframework.web.filter.HiddenHttpMethodFilter.doFilterInternal(HiddenHttpMethodFilter.java:81)
	at org.springframework.web.filter.OncePerRequestFilter.doFilter(OncePerRequestFilter.java:107)
	at org.apache.catalina.core.ApplicationFilterChain.internalDoFilter(ApplicationFilterChain.java:193)
	at org.apache.catalina.core.ApplicationFilterChain.doFilter(ApplicationFilterChain.java:166)
	at org.springframework.web.filter.CharacterEncodingFilter.doFilterInternal(CharacterEncodingFilter.java:197)
	at org.springframework.web.filter.OncePerRequestFilter.doFilter(OncePerRequestFilter.java:107)
	at org.apache.catalina.core.ApplicationFilterChain.internalDoFilter(ApplicationFilterChain.java:193)
	at org.apache.catalina.core.ApplicationFilterChain.doFilter(ApplicationFilterChain.java:166)
	at org.apache.catalina.core.StandardWrapperValve.invoke(StandardWrapperValve.java:199)
	at org.apache.catalina.core.StandardContextValve.invoke(StandardContextValve.java:96)
	at org.apache.catalina.authenticator.AuthenticatorBase.invoke(AuthenticatorBase.java:478)
	at org.apache.catalina.core.StandardHostValve.invoke(StandardHostValve.java:140)
	at org.apache.catalina.valves.ErrorReportValve.invoke(ErrorReportValve.java:81)
	at org.apache.catalina.core.StandardEngineValve.invoke(StandardEngineValve.java:87)
	at org.apache.catalina.connector.CoyoteAdapter.service(CoyoteAdapter.java:342)
	at org.apache.coyote.http11.Http11Processor.service(Http11Processor.java:803)
	at org.apache.coyote.AbstractProcessorLight.process(AbstractProcessorLight.java:66)
	at org.apache.coyote.AbstractProtocol$ConnectionHandler.process(AbstractProtocol.java:868)
	at org.apache.tomcat.util.net.NioEndpoint$SocketProcessor.doRun(NioEndpoint.java:1459)
	at org.apache.tomcat.util.net.SocketProcessorBase.run(SocketProcessorBase.java:49)
	at java.util.concurrent.ThreadPoolExecutor.runWorker(ThreadPoolExecutor.java:1142)
	at java.util.concurrent.ThreadPoolExecutor$Worker.run(ThreadPoolExecutor.java:617)
	at org.apache.tomcat.util.threads.TaskThread$WrappingRunnable.run(TaskThread.java:61)
	at java.lang.Thread.run(Thread.java:745)
[]2017-10-21T08:55:40,852Z INFO  c.e.data.combine.CombineApplication - Starting CombineApplication on khans-MBP with PID 10023 (/Users/khan/combine/target/classes started by khan in /Users/khan/combine)
[]2017-10-21T08:55:40,858Z INFO  c.e.data.combine.CombineApplication - The following profiles are active: dev
[]2017-10-21T08:55:44,562Z INFO  o.a.catalina.core.StandardService - Starting service [Tomcat]
[]2017-10-21T08:55:44,565Z INFO  o.a.catalina.core.StandardEngine - Starting Servlet Engine: Apache Tomcat/8.5.23
[]2017-10-21T08:55:44,761Z INFO  o.a.c.c.C.[Tomcat].[localhost].[/] - Initializing Spring embedded WebApplicationContext
[]2017-10-21T08:55:47,914Z INFO  org.mongodb.driver.cluster - Cluster created with settings {hosts=[localhost:27017], mode=MULTIPLE, requiredClusterType=UNKNOWN, serverSelectionTimeout='30000 ms', maxWaitQueueSize=500}
[]2017-10-21T08:55:47,914Z INFO  org.mongodb.driver.cluster - Adding discovered server localhost:27017 to client view of cluster
[]2017-10-21T08:55:48,383Z INFO  org.mongodb.driver.connection - Opened connection [connectionId{localValue:1, serverValue:7}] to localhost:27017
[]2017-10-21T08:55:48,386Z INFO  org.mongodb.driver.cluster - Monitor thread successfully connected to server with description ServerDescription{address=localhost:27017, type=STANDALONE, state=CONNECTED, ok=true, version=ServerVersion{versionList=[3, 4, 0]}, minWireVersion=0, maxWireVersion=5, maxDocumentSize=16777216, roundTripTimeNanos=908083}
[]2017-10-21T08:55:48,389Z INFO  org.mongodb.driver.cluster - Discovered cluster type of STANDALONE
[]2017-10-21T08:55:51,609Z INFO  o.a.coyote.http11.Http11NioProtocol - Initializing ProtocolHandler ["http-nio-8080"]
[]2017-10-21T08:55:51,628Z INFO  o.a.coyote.http11.Http11NioProtocol - Starting ProtocolHandler ["http-nio-8080"]
[]2017-10-21T08:55:51,655Z INFO  o.a.tomcat.util.net.NioSelectorPool - Using a shared selector for servlet write/read
[]2017-10-21T08:55:51,695Z INFO  c.e.data.combine.CombineApplication - Started CombineApplication in 11.791 seconds (JVM running for 13.421)
[]2017-10-21T08:55:57,868Z INFO  o.a.c.c.C.[Tomcat].[localhost].[/] - Initializing Spring FrameworkServlet 'dispatcherServlet'
[]2017-10-21T08:55:57,960Z INFO  c.e.d.c.c.PostgresController - findUserName with name : waseem
[]2017-10-21T08:58:02,340Z INFO  c.e.data.combine.CombineApplication - Starting CombineApplication on khans-MBP with PID 10188 (/Users/khan/combine/target/classes started by khan in /Users/khan/combine)
[]2017-10-21T08:58:02,345Z INFO  c.e.data.combine.CombineApplication - The following profiles are active: dev
[]2017-10-21T08:58:05,618Z INFO  o.a.catalina.core.StandardService - Starting service [Tomcat]
[]2017-10-21T08:58:05,620Z INFO  o.a.catalina.core.StandardEngine - Starting Servlet Engine: Apache Tomcat/8.5.23
[]2017-10-21T08:58:05,777Z INFO  o.a.c.c.C.[Tomcat].[localhost].[/] - Initializing Spring embedded WebApplicationContext
[]2017-10-21T08:58:08,045Z INFO  org.mongodb.driver.cluster - Cluster created with settings {hosts=[localhost:27017], mode=MULTIPLE, requiredClusterType=UNKNOWN, serverSelectionTimeout='30000 ms', maxWaitQueueSize=500}
[]2017-10-21T08:58:08,045Z INFO  org.mongodb.driver.cluster - Adding discovered server localhost:27017 to client view of cluster
[]2017-10-21T08:58:08,421Z INFO  org.mongodb.driver.connection - Opened connection [connectionId{localValue:1, serverValue:8}] to localhost:27017
[]2017-10-21T08:58:08,424Z INFO  org.mongodb.driver.cluster - Monitor thread successfully connected to server with description ServerDescription{address=localhost:27017, type=STANDALONE, state=CONNECTED, ok=true, version=ServerVersion{versionList=[3, 4, 0]}, minWireVersion=0, maxWireVersion=5, maxDocumentSize=16777216, roundTripTimeNanos=1021950}
[]2017-10-21T08:58:08,426Z INFO  org.mongodb.driver.cluster - Discovered cluster type of STANDALONE
[]2017-10-21T08:58:10,595Z INFO  o.a.coyote.http11.Http11NioProtocol - Initializing ProtocolHandler ["http-nio-8080"]
[]2017-10-21T08:58:10,613Z INFO  o.a.coyote.http11.Http11NioProtocol - Starting ProtocolHandler ["http-nio-8080"]
[]2017-10-21T08:58:10,642Z INFO  o.a.tomcat.util.net.NioSelectorPool - Using a shared selector for servlet write/read
[]2017-10-21T08:58:10,680Z INFO  c.e.data.combine.CombineApplication - Started CombineApplication in 9.088 seconds (JVM running for 10.382)
[]2017-10-21T08:58:33,918Z INFO  o.a.c.c.C.[Tomcat].[localhost].[/] - Initializing Spring FrameworkServlet 'dispatcherServlet'
[]2017-10-21T08:58:34,022Z INFO  c.e.d.c.c.PostgresController - findUserName with name : waseem
[]2017-10-21T08:59:57,820Z INFO  c.e.d.c.c.PostgresController - findUserName with name : waseem
[]2017-10-21T10:07:50,895Z INFO  c.e.data.combine.CombineApplication - application ready to start ... :
[]2017-10-21T10:07:52,142Z INFO  c.e.data.combine.CombineApplication - Starting CombineApplication on khans-MacBook-Pro.local with PID 14344 (/Users/khan/combine/target/classes started by khan in /Users/khan/combine)
[]2017-10-21T10:07:52,143Z INFO  c.e.data.combine.CombineApplication - The following profiles are active: dev
[]2017-10-21T10:07:55,814Z INFO  o.a.catalina.core.StandardService - Starting service [Tomcat]
[]2017-10-21T10:07:55,818Z INFO  o.a.catalina.core.StandardEngine - Starting Servlet Engine: Apache Tomcat/8.5.23
[]2017-10-21T10:07:56,018Z INFO  o.a.c.c.C.[Tomcat].[localhost].[/] - Initializing Spring embedded WebApplicationContext
[]2017-10-21T10:07:58,558Z INFO  org.mongodb.driver.cluster - Cluster created with settings {hosts=[localhost:27017], mode=MULTIPLE, requiredClusterType=UNKNOWN, serverSelectionTimeout='30000 ms', maxWaitQueueSize=500}
[]2017-10-21T10:07:58,558Z INFO  org.mongodb.driver.cluster - Adding discovered server localhost:27017 to client view of cluster
[]2017-10-21T10:07:58,934Z INFO  org.mongodb.driver.connection - Opened connection [connectionId{localValue:1, serverValue:9}] to localhost:27017
[]2017-10-21T10:07:58,937Z INFO  org.mongodb.driver.cluster - Monitor thread successfully connected to server with description ServerDescription{address=localhost:27017, type=STANDALONE, state=CONNECTED, ok=true, version=ServerVersion{versionList=[3, 4, 0]}, minWireVersion=0, maxWireVersion=5, maxDocumentSize=16777216, roundTripTimeNanos=860892}
[]2017-10-21T10:07:58,938Z INFO  org.mongodb.driver.cluster - Discovered cluster type of STANDALONE
[]2017-10-21T10:08:01,487Z INFO  o.a.coyote.http11.Http11NioProtocol - Initializing ProtocolHandler ["http-nio-8080"]
[]2017-10-21T10:08:01,504Z INFO  o.a.coyote.http11.Http11NioProtocol - Starting ProtocolHandler ["http-nio-8080"]
[]2017-10-21T10:08:01,530Z INFO  o.a.tomcat.util.net.NioSelectorPool - Using a shared selector for servlet write/read
[]2017-10-21T10:08:01,567Z INFO  c.e.data.combine.CombineApplication - Started CombineApplication in 10.377 seconds (JVM running for 11.581)
[]2017-10-21T10:08:01,567Z INFO  c.e.data.combine.CombineApplication - application successfully started ... :
[]2017-10-21T10:09:46,538Z INFO  o.a.c.c.C.[Tomcat].[localhost].[/] - Initializing Spring FrameworkServlet 'dispatcherServlet'
[]2017-10-21T10:09:46,642Z INFO  c.e.d.c.c.PostgresController - findUserName with name : waseem
[]2017-10-21T10:23:35,469Z INFO  c.e.data.combine.CombineApplication - application ready to start ... :
[]2017-10-21T10:23:36,892Z INFO  c.e.data.combine.CombineApplication - Starting CombineApplication on khans-MacBook-Pro.local with PID 15416 (/Users/khan/combine/target/classes started by khan in /Users/khan/combine)
[]2017-10-21T10:23:36,892Z INFO  c.e.data.combine.CombineApplication - The following profiles are active: dev
[]2017-10-21T10:23:39,920Z INFO  o.a.catalina.core.StandardService - Starting service [Tomcat]
[]2017-10-21T10:23:39,922Z INFO  o.a.catalina.core.StandardEngine - Starting Servlet Engine: Apache Tomcat/8.5.23
[]2017-10-21T10:23:40,106Z INFO  o.a.c.c.C.[Tomcat].[localhost].[/] - Initializing Spring embedded WebApplicationContext
[]2017-10-21T10:23:42,404Z INFO  org.mongodb.driver.cluster - Cluster created with settings {hosts=[localhost:27017], mode=MULTIPLE, requiredClusterType=UNKNOWN, serverSelectionTimeout='30000 ms', maxWaitQueueSize=500}
[]2017-10-21T10:23:42,405Z INFO  org.mongodb.driver.cluster - Adding discovered server localhost:27017 to client view of cluster
[]2017-10-21T10:23:42,749Z INFO  org.mongodb.driver.connection - Opened connection [connectionId{localValue:1, serverValue:10}] to localhost:27017
[]2017-10-21T10:23:42,752Z INFO  org.mongodb.driver.cluster - Monitor thread successfully connected to server with description ServerDescription{address=localhost:27017, type=STANDALONE, state=CONNECTED, ok=true, version=ServerVersion{versionList=[3, 4, 0]}, minWireVersion=0, maxWireVersion=5, maxDocumentSize=16777216, roundTripTimeNanos=938764}
[]2017-10-21T10:23:42,754Z INFO  org.mongodb.driver.cluster - Discovered cluster type of STANDALONE
[]2017-10-21T10:23:45,008Z INFO  o.a.coyote.http11.Http11NioProtocol - Initializing ProtocolHandler ["http-nio-8080"]
[]2017-10-21T10:23:45,025Z INFO  o.a.coyote.http11.Http11NioProtocol - Starting ProtocolHandler ["http-nio-8080"]
[]2017-10-21T10:23:45,053Z ERROR o.a.coyote.http11.Http11NioProtocol - Failed to start end point associated with ProtocolHandler ["http-nio-8080"]
java.net.BindException: Address already in use
	at sun.nio.ch.Net.bind0(Native Method)
	at sun.nio.ch.Net.bind(Net.java:433)
	at sun.nio.ch.Net.bind(Net.java:425)
	at sun.nio.ch.ServerSocketChannelImpl.bind(ServerSocketChannelImpl.java:223)
	at sun.nio.ch.ServerSocketAdaptor.bind(ServerSocketAdaptor.java:74)
	at org.apache.tomcat.util.net.NioEndpoint.bind(NioEndpoint.java:210)
	at org.apache.tomcat.util.net.AbstractEndpoint.start(AbstractEndpoint.java:990)
	at org.apache.coyote.AbstractProtocol.start(AbstractProtocol.java:635)
	at org.apache.catalina.connector.Connector.startInternal(Connector.java:1022)
	at org.apache.catalina.util.LifecycleBase.start(LifecycleBase.java:150)
	at org.apache.catalina.core.StandardService.addConnector(StandardService.java:225)
	at org.springframework.boot.context.embedded.tomcat.TomcatEmbeddedServletContainer.addPreviouslyRemovedConnectors(TomcatEmbeddedServletContainer.java:250)
	at org.springframework.boot.context.embedded.tomcat.TomcatEmbeddedServletContainer.start(TomcatEmbeddedServletContainer.java:193)
	at org.springframework.boot.context.embedded.EmbeddedWebApplicationContext.startEmbeddedServletContainer(EmbeddedWebApplicationContext.java:297)
	at org.springframework.boot.context.embedded.EmbeddedWebApplicationContext.finishRefresh(EmbeddedWebApplicationContext.java:145)
	at org.springframework.context.support.AbstractApplicationContext.refresh(AbstractApplicationContext.java:546)
	at org.springframework.boot.context.embedded.EmbeddedWebApplicationContext.refresh(EmbeddedWebApplicationContext.java:122)
	at org.springframework.boot.SpringApplication.refresh(SpringApplication.java:693)
	at org.springframework.boot.SpringApplication.refreshContext(SpringApplication.java:360)
	at org.springframework.boot.SpringApplication.run(SpringApplication.java:303)
	at org.springframework.boot.SpringApplication.run(SpringApplication.java:1118)
	at org.springframework.boot.SpringApplication.run(SpringApplication.java:1107)
	at com.example.data.combine.CombineApplication.main(CombineApplication.java:29)
[]2017-10-21T10:23:45,055Z ERROR o.a.catalina.core.StandardService - Failed to start connector [Connector[HTTP/1.1-8080]]
org.apache.catalina.LifecycleException: Failed to start component [Connector[HTTP/1.1-8080]]
	at org.apache.catalina.util.LifecycleBase.start(LifecycleBase.java:167)
	at org.apache.catalina.core.StandardService.addConnector(StandardService.java:225)
	at org.springframework.boot.context.embedded.tomcat.TomcatEmbeddedServletContainer.addPreviouslyRemovedConnectors(TomcatEmbeddedServletContainer.java:250)
	at org.springframework.boot.context.embedded.tomcat.TomcatEmbeddedServletContainer.start(TomcatEmbeddedServletContainer.java:193)
	at org.springframework.boot.context.embedded.EmbeddedWebApplicationContext.startEmbeddedServletContainer(EmbeddedWebApplicationContext.java:297)
	at org.springframework.boot.context.embedded.EmbeddedWebApplicationContext.finishRefresh(EmbeddedWebApplicationContext.java:145)
	at org.springframework.context.support.AbstractApplicationContext.refresh(AbstractApplicationContext.java:546)
	at org.springframework.boot.context.embedded.EmbeddedWebApplicationContext.refresh(EmbeddedWebApplicationContext.java:122)
	at org.springframework.boot.SpringApplication.refresh(SpringApplication.java:693)
	at org.springframework.boot.SpringApplication.refreshContext(SpringApplication.java:360)
	at org.springframework.boot.SpringApplication.run(SpringApplication.java:303)
	at org.springframework.boot.SpringApplication.run(SpringApplication.java:1118)
	at org.springframework.boot.SpringApplication.run(SpringApplication.java:1107)
	at com.example.data.combine.CombineApplication.main(CombineApplication.java:29)
Caused by: org.apache.catalina.LifecycleException: service.getName(): "Tomcat";  Protocol handler start failed
	at org.apache.catalina.connector.Connector.startInternal(Connector.java:1031)
	at org.apache.catalina.util.LifecycleBase.start(LifecycleBase.java:150)
	... 13 common frames omitted
Caused by: java.net.BindException: Address already in use
	at sun.nio.ch.Net.bind0(Native Method)
	at sun.nio.ch.Net.bind(Net.java:433)
	at sun.nio.ch.Net.bind(Net.java:425)
	at sun.nio.ch.ServerSocketChannelImpl.bind(ServerSocketChannelImpl.java:223)
	at sun.nio.ch.ServerSocketAdaptor.bind(ServerSocketAdaptor.java:74)
	at org.apache.tomcat.util.net.NioEndpoint.bind(NioEndpoint.java:210)
	at org.apache.tomcat.util.net.AbstractEndpoint.start(AbstractEndpoint.java:990)
	at org.apache.coyote.AbstractProtocol.start(AbstractProtocol.java:635)
	at org.apache.catalina.connector.Connector.startInternal(Connector.java:1022)
	... 14 common frames omitted
[]2017-10-21T10:23:45,068Z INFO  o.a.coyote.http11.Http11NioProtocol - Pausing ProtocolHandler ["http-nio-8080"]
[]2017-10-21T10:23:45,069Z INFO  o.a.catalina.core.StandardService - Stopping service [Tomcat]
[]2017-10-21T10:23:45,081Z INFO  o.a.catalina.util.LifecycleBase - The stop() method was called on component [StandardServer[-1]] after stop() had already been called. The second call will be ignored.
[]2017-10-21T10:23:45,082Z INFO  o.a.coyote.http11.Http11NioProtocol - Stopping ProtocolHandler ["http-nio-8080"]
[]2017-10-21T10:23:45,082Z INFO  o.a.coyote.http11.Http11NioProtocol - Destroying ProtocolHandler ["http-nio-8080"]
[]2017-10-21T10:24:40,775Z INFO  c.e.data.combine.CombineApplication - application ready to start ... :
[]2017-10-21T10:24:41,819Z INFO  c.e.data.combine.CombineApplication - Starting CombineApplication on khans-MacBook-Pro.local with PID 15503 (/Users/khan/combine/target/classes started by khan in /Users/khan/combine)
[]2017-10-21T10:24:41,819Z INFO  c.e.data.combine.CombineApplication - The following profiles are active: dev
[]2017-10-21T10:24:44,956Z INFO  o.a.catalina.core.StandardService - Starting service [Tomcat]
[]2017-10-21T10:24:44,958Z INFO  o.a.catalina.core.StandardEngine - Starting Servlet Engine: Apache Tomcat/8.5.23
[]2017-10-21T10:24:45,125Z INFO  o.a.c.c.C.[Tomcat].[localhost].[/] - Initializing Spring embedded WebApplicationContext
[]2017-10-21T10:24:47,463Z INFO  org.mongodb.driver.cluster - Cluster created with settings {hosts=[localhost:27017], mode=MULTIPLE, requiredClusterType=UNKNOWN, serverSelectionTimeout='30000 ms', maxWaitQueueSize=500}
[]2017-10-21T10:24:47,463Z INFO  org.mongodb.driver.cluster - Adding discovered server localhost:27017 to client view of cluster
[]2017-10-21T10:24:47,819Z INFO  org.mongodb.driver.connection - Opened connection [connectionId{localValue:1, serverValue:11}] to localhost:27017
[]2017-10-21T10:24:47,823Z INFO  org.mongodb.driver.cluster - Monitor thread successfully connected to server with description ServerDescription{address=localhost:27017, type=STANDALONE, state=CONNECTED, ok=true, version=ServerVersion{versionList=[3, 4, 0]}, minWireVersion=0, maxWireVersion=5, maxDocumentSize=16777216, roundTripTimeNanos=844780}
[]2017-10-21T10:24:47,825Z INFO  org.mongodb.driver.cluster - Discovered cluster type of STANDALONE
[]2017-10-21T10:24:49,998Z INFO  o.a.coyote.http11.Http11NioProtocol - Initializing ProtocolHandler ["http-nio-8080"]
[]2017-10-21T10:24:50,017Z INFO  o.a.coyote.http11.Http11NioProtocol - Starting ProtocolHandler ["http-nio-8080"]
[]2017-10-21T10:24:50,050Z INFO  o.a.tomcat.util.net.NioSelectorPool - Using a shared selector for servlet write/read
[]2017-10-21T10:24:50,097Z INFO  c.e.data.combine.CombineApplication - Started CombineApplication in 9.072 seconds (JVM running for 10.292)
[]2017-10-21T10:24:50,097Z INFO  c.e.data.combine.CombineApplication - application successfully started ... :
[]2017-10-21T10:25:19,445Z INFO  o.a.c.c.C.[Tomcat].[localhost].[/] - Initializing Spring FrameworkServlet 'dispatcherServlet'
[]2017-10-21T10:25:19,543Z INFO  c.e.d.c.c.PostgresController - findUserName with name : waseem
[]2017-10-21T10:29:50,374Z INFO  c.e.data.combine.CombineApplication - application ready to start ... :
[]2017-10-21T10:29:51,436Z INFO  c.e.data.combine.CombineApplication - Starting CombineApplication on khans-MacBook-Pro.local with PID 15846 (/Users/khan/combine/target/classes started by khan in /Users/khan/combine)
[]2017-10-21T10:29:51,437Z INFO  c.e.data.combine.CombineApplication - The following profiles are active: dev
[]2017-10-21T10:29:54,948Z INFO  o.a.catalina.core.StandardService - Starting service [Tomcat]
[]2017-10-21T10:29:54,953Z INFO  o.a.catalina.core.StandardEngine - Starting Servlet Engine: Apache Tomcat/8.5.23
[]2017-10-21T10:29:55,138Z INFO  o.a.c.c.C.[Tomcat].[localhost].[/] - Initializing Spring embedded WebApplicationContext
[]2017-10-21T10:29:57,798Z INFO  org.mongodb.driver.cluster - Cluster created with settings {hosts=[localhost:27017], mode=MULTIPLE, requiredClusterType=UNKNOWN, serverSelectionTimeout='30000 ms', maxWaitQueueSize=500}
[]2017-10-21T10:29:57,798Z INFO  org.mongodb.driver.cluster - Adding discovered server localhost:27017 to client view of cluster
[]2017-10-21T10:29:58,189Z INFO  org.mongodb.driver.connection - Opened connection [connectionId{localValue:1, serverValue:12}] to localhost:27017
[]2017-10-21T10:29:58,193Z INFO  org.mongodb.driver.cluster - Monitor thread successfully connected to server with description ServerDescription{address=localhost:27017, type=STANDALONE, state=CONNECTED, ok=true, version=ServerVersion{versionList=[3, 4, 0]}, minWireVersion=0, maxWireVersion=5, maxDocumentSize=16777216, roundTripTimeNanos=869334}
[]2017-10-21T10:29:58,195Z INFO  org.mongodb.driver.cluster - Discovered cluster type of STANDALONE
[]2017-10-21T10:30:00,919Z INFO  o.a.coyote.http11.Http11NioProtocol - Initializing ProtocolHandler ["http-nio-8080"]
[]2017-10-21T10:30:00,938Z INFO  o.a.coyote.http11.Http11NioProtocol - Starting ProtocolHandler ["http-nio-8080"]
[]2017-10-21T10:30:00,968Z INFO  o.a.tomcat.util.net.NioSelectorPool - Using a shared selector for servlet write/read
[]2017-10-21T10:30:01,020Z INFO  c.e.data.combine.CombineApplication - Started CombineApplication in 10.217 seconds (JVM running for 11.663)
[]2017-10-21T10:30:01,021Z INFO  c.e.data.combine.CombineApplication - application successfully started ... :
[]2017-10-21T10:31:08,840Z INFO  o.a.c.c.C.[Tomcat].[localhost].[/] - Initializing Spring FrameworkServlet 'dispatcherServlet'
[]2017-10-21T10:31:08,954Z INFO  c.e.d.c.c.PostgresController - findUserName with name : waseem
[]2017-10-21T10:35:56,950Z INFO  c.e.data.combine.CombineApplication - application ready to start ... :
[]2017-10-21T10:35:58,207Z INFO  c.e.data.combine.CombineApplication - Starting CombineApplication on khans-MacBook-Pro.local with PID 16254 (/Users/khan/combine/target/classes started by khan in /Users/khan/combine)
[]2017-10-21T10:35:58,207Z INFO  c.e.data.combine.CombineApplication - The following profiles are active: dev
[]2017-10-21T10:36:01,378Z INFO  o.a.catalina.core.StandardService - Starting service [Tomcat]
[]2017-10-21T10:36:01,381Z INFO  o.a.catalina.core.StandardEngine - Starting Servlet Engine: Apache Tomcat/8.5.23
[]2017-10-21T10:36:01,543Z INFO  o.a.c.c.C.[Tomcat].[localhost].[/] - Initializing Spring embedded WebApplicationContext
[]2017-10-21T10:36:03,830Z INFO  org.mongodb.driver.cluster - Cluster created with settings {hosts=[localhost:27017], mode=MULTIPLE, requiredClusterType=UNKNOWN, serverSelectionTimeout='30000 ms', maxWaitQueueSize=500}
[]2017-10-21T10:36:03,831Z INFO  org.mongodb.driver.cluster - Adding discovered server localhost:27017 to client view of cluster
[]2017-10-21T10:36:04,193Z INFO  org.mongodb.driver.connection - Opened connection [connectionId{localValue:1, serverValue:13}] to localhost:27017
[]2017-10-21T10:36:04,196Z INFO  org.mongodb.driver.cluster - Monitor thread successfully connected to server with description ServerDescription{address=localhost:27017, type=STANDALONE, state=CONNECTED, ok=true, version=ServerVersion{versionList=[3, 4, 0]}, minWireVersion=0, maxWireVersion=5, maxDocumentSize=16777216, roundTripTimeNanos=840347}
[]2017-10-21T10:36:04,198Z INFO  org.mongodb.driver.cluster - Discovered cluster type of STANDALONE
[]2017-10-21T10:36:06,270Z INFO  o.a.coyote.http11.Http11NioProtocol - Initializing ProtocolHandler ["http-nio-8080"]
[]2017-10-21T10:36:06,289Z INFO  o.a.coyote.http11.Http11NioProtocol - Starting ProtocolHandler ["http-nio-8080"]
[]2017-10-21T10:36:06,323Z INFO  o.a.tomcat.util.net.NioSelectorPool - Using a shared selector for servlet write/read
[]2017-10-21T10:36:06,365Z INFO  c.e.data.combine.CombineApplication - Started CombineApplication in 9.143 seconds (JVM running for 10.446)
[]2017-10-21T10:36:06,366Z INFO  c.e.data.combine.CombineApplication - application successfully started ... :
[]2017-10-21T10:36:16,240Z INFO  o.a.c.c.C.[Tomcat].[localhost].[/] - Initializing Spring FrameworkServlet 'dispatcherServlet'
[]2017-10-21T10:36:16,416Z INFO  c.e.d.c.controller.MongoController - saveMongoController with request : Request{, name='jugal', address='hsr layout', age='25'}
[]2017-10-21T10:36:16,423Z INFO  c.e.d.c.s.impl.MongoUserServiceImpl - call mongo save service mongoUser : MongoUser{id='null', name='jugal', address='hsr layout', age='25'}
[]2017-10-21T10:36:16,564Z INFO  org.mongodb.driver.connection - Opened connection [connectionId{localValue:2, serverValue:14}] to localhost:27017
[]2017-10-21T10:36:18,430Z INFO  c.e.d.c.s.impl.MongoUserServiceImpl - save SuccessFull mongoUser : MongoUser{id='59eb2320d491663f7ea09113', name='jugal', address='hsr layout', age='25'}
[]2017-10-21T10:39:13,119Z INFO  org.mongodb.driver.connection - Closed connection [connectionId{localValue:2, serverValue:14}] to localhost:27017 because the pool has been closed.
[]2017-10-21T10:39:35,714Z INFO  c.e.data.combine.CombineApplication - application ready to start ... :
[]2017-10-21T10:39:37,017Z INFO  c.e.data.combine.CombineApplication - Starting CombineApplication on khans-MacBook-Pro.local with PID 16505 (/Users/khan/combine/target/classes started by khan in /Users/khan/combine)
[]2017-10-21T10:39:37,017Z INFO  c.e.data.combine.CombineApplication - The following profiles are active: dev
[]2017-10-21T10:39:40,043Z INFO  o.a.catalina.core.StandardService - Starting service [Tomcat]
[]2017-10-21T10:39:40,050Z INFO  o.a.catalina.core.StandardEngine - Starting Servlet Engine: Apache Tomcat/8.5.23
[]2017-10-21T10:39:40,211Z INFO  o.a.c.c.C.[Tomcat].[localhost].[/] - Initializing Spring embedded WebApplicationContext
[]2017-10-21T10:39:42,520Z INFO  org.mongodb.driver.cluster - Cluster created with settings {hosts=[localhost:27017], mode=MULTIPLE, requiredClusterType=UNKNOWN, serverSelectionTimeout='30000 ms', maxWaitQueueSize=500}
[]2017-10-21T10:39:42,521Z INFO  org.mongodb.driver.cluster - Adding discovered server localhost:27017 to client view of cluster
[]2017-10-21T10:39:42,916Z INFO  org.mongodb.driver.connection - Opened connection [connectionId{localValue:1, serverValue:15}] to localhost:27017
[]2017-10-21T10:39:42,919Z INFO  org.mongodb.driver.cluster - Monitor thread successfully connected to server with description ServerDescription{address=localhost:27017, type=STANDALONE, state=CONNECTED, ok=true, version=ServerVersion{versionList=[3, 4, 0]}, minWireVersion=0, maxWireVersion=5, maxDocumentSize=16777216, roundTripTimeNanos=881893}
[]2017-10-21T10:39:42,921Z INFO  org.mongodb.driver.cluster - Discovered cluster type of STANDALONE
[]2017-10-21T10:39:45,007Z INFO  o.a.coyote.http11.Http11NioProtocol - Initializing ProtocolHandler ["http-nio-8080"]
[]2017-10-21T10:39:45,032Z INFO  o.a.coyote.http11.Http11NioProtocol - Starting ProtocolHandler ["http-nio-8080"]
[]2017-10-21T10:39:45,067Z INFO  o.a.tomcat.util.net.NioSelectorPool - Using a shared selector for servlet write/read
[]2017-10-21T10:39:45,108Z INFO  c.e.data.combine.CombineApplication - Started CombineApplication in 9.107 seconds (JVM running for 10.568)
[]2017-10-21T10:39:45,108Z INFO  c.e.data.combine.CombineApplication - application successfully started ... :
[]2017-10-21T10:39:54,585Z INFO  o.a.c.c.C.[Tomcat].[localhost].[/] - Initializing Spring FrameworkServlet 'dispatcherServlet'
[]2017-10-21T10:39:54,692Z INFO  c.e.d.c.controller.MongoController - findName with name : jugal
[]2017-10-21T10:39:54,696Z INFO  c.e.d.c.s.impl.MongoUserServiceImpl - Fiend username with name : jugal
[]2017-10-21T10:39:54,832Z INFO  org.mongodb.driver.connection - Opened connection [connectionId{localValue:2, serverValue:16}] to localhost:27017
[]2017-10-21T10:39:54,937Z INFO  c.e.d.c.s.impl.MongoUserServiceImpl - return  value  json : { }
[]2017-10-21T10:40:44,934Z INFO  c.e.data.combine.CombineApplication - application ready to start ... :
[]2017-10-21T10:40:46,160Z INFO  c.e.data.combine.CombineApplication - Starting CombineApplication on khans-MacBook-Pro.local with PID 16592 (/Users/khan/combine/target/classes started by khan in /Users/khan/combine)
[]2017-10-21T10:40:46,161Z INFO  c.e.data.combine.CombineApplication - The following profiles are active: dev
[]2017-10-21T10:40:49,736Z INFO  o.a.catalina.core.StandardService - Starting service [Tomcat]
[]2017-10-21T10:40:49,741Z INFO  o.a.catalina.core.StandardEngine - Starting Servlet Engine: Apache Tomcat/8.5.23
[]2017-10-21T10:40:49,935Z INFO  o.a.c.c.C.[Tomcat].[localhost].[/] - Initializing Spring embedded WebApplicationContext
[]2017-10-21T10:40:52,921Z INFO  org.mongodb.driver.cluster - Cluster created with settings {hosts=[localhost:27017], mode=MULTIPLE, requiredClusterType=UNKNOWN, serverSelectionTimeout='30000 ms', maxWaitQueueSize=500}
[]2017-10-21T10:40:52,922Z INFO  org.mongodb.driver.cluster - Adding discovered server localhost:27017 to client view of cluster
[]2017-10-21T10:40:53,332Z INFO  org.mongodb.driver.connection - Opened connection [connectionId{localValue:1, serverValue:17}] to localhost:27017
[]2017-10-21T10:40:53,338Z INFO  org.mongodb.driver.cluster - Monitor thread successfully connected to server with description ServerDescription{address=localhost:27017, type=STANDALONE, state=CONNECTED, ok=true, version=ServerVersion{versionList=[3, 4, 0]}, minWireVersion=0, maxWireVersion=5, maxDocumentSize=16777216, roundTripTimeNanos=937956}
[]2017-10-21T10:40:53,343Z INFO  org.mongodb.driver.cluster - Discovered cluster type of STANDALONE
[]2017-10-21T10:40:56,490Z INFO  o.a.coyote.http11.Http11NioProtocol - Initializing ProtocolHandler ["http-nio-8080"]
[]2017-10-21T10:40:56,509Z INFO  o.a.coyote.http11.Http11NioProtocol - Starting ProtocolHandler ["http-nio-8080"]
[]2017-10-21T10:40:56,530Z ERROR o.a.coyote.http11.Http11NioProtocol - Failed to start end point associated with ProtocolHandler ["http-nio-8080"]
java.net.BindException: Address already in use
	at sun.nio.ch.Net.bind0(Native Method)
	at sun.nio.ch.Net.bind(Net.java:433)
	at sun.nio.ch.Net.bind(Net.java:425)
	at sun.nio.ch.ServerSocketChannelImpl.bind(ServerSocketChannelImpl.java:223)
	at sun.nio.ch.ServerSocketAdaptor.bind(ServerSocketAdaptor.java:74)
	at org.apache.tomcat.util.net.NioEndpoint.bind(NioEndpoint.java:210)
	at org.apache.tomcat.util.net.AbstractEndpoint.start(AbstractEndpoint.java:990)
	at org.apache.coyote.AbstractProtocol.start(AbstractProtocol.java:635)
	at org.apache.catalina.connector.Connector.startInternal(Connector.java:1022)
	at org.apache.catalina.util.LifecycleBase.start(LifecycleBase.java:150)
	at org.apache.catalina.core.StandardService.addConnector(StandardService.java:225)
	at org.springframework.boot.context.embedded.tomcat.TomcatEmbeddedServletContainer.addPreviouslyRemovedConnectors(TomcatEmbeddedServletContainer.java:250)
	at org.springframework.boot.context.embedded.tomcat.TomcatEmbeddedServletContainer.start(TomcatEmbeddedServletContainer.java:193)
	at org.springframework.boot.context.embedded.EmbeddedWebApplicationContext.startEmbeddedServletContainer(EmbeddedWebApplicationContext.java:297)
	at org.springframework.boot.context.embedded.EmbeddedWebApplicationContext.finishRefresh(EmbeddedWebApplicationContext.java:145)
	at org.springframework.context.support.AbstractApplicationContext.refresh(AbstractApplicationContext.java:546)
	at org.springframework.boot.context.embedded.EmbeddedWebApplicationContext.refresh(EmbeddedWebApplicationContext.java:122)
	at org.springframework.boot.SpringApplication.refresh(SpringApplication.java:693)
	at org.springframework.boot.SpringApplication.refreshContext(SpringApplication.java:360)
	at org.springframework.boot.SpringApplication.run(SpringApplication.java:303)
	at org.springframework.boot.SpringApplication.run(SpringApplication.java:1118)
	at org.springframework.boot.SpringApplication.run(SpringApplication.java:1107)
	at com.example.data.combine.CombineApplication.main(CombineApplication.java:29)
[]2017-10-21T10:40:56,533Z ERROR o.a.catalina.core.StandardService - Failed to start connector [Connector[HTTP/1.1-8080]]
org.apache.catalina.LifecycleException: Failed to start component [Connector[HTTP/1.1-8080]]
	at org.apache.catalina.util.LifecycleBase.start(LifecycleBase.java:167)
	at org.apache.catalina.core.StandardService.addConnector(StandardService.java:225)
	at org.springframework.boot.context.embedded.tomcat.TomcatEmbeddedServletContainer.addPreviouslyRemovedConnectors(TomcatEmbeddedServletContainer.java:250)
	at org.springframework.boot.context.embedded.tomcat.TomcatEmbeddedServletContainer.start(TomcatEmbeddedServletContainer.java:193)
	at org.springframework.boot.context.embedded.EmbeddedWebApplicationContext.startEmbeddedServletContainer(EmbeddedWebApplicationContext.java:297)
	at org.springframework.boot.context.embedded.EmbeddedWebApplicationContext.finishRefresh(EmbeddedWebApplicationContext.java:145)
	at org.springframework.context.support.AbstractApplicationContext.refresh(AbstractApplicationContext.java:546)
	at org.springframework.boot.context.embedded.EmbeddedWebApplicationContext.refresh(EmbeddedWebApplicationContext.java:122)
	at org.springframework.boot.SpringApplication.refresh(SpringApplication.java:693)
	at org.springframework.boot.SpringApplication.refreshContext(SpringApplication.java:360)
	at org.springframework.boot.SpringApplication.run(SpringApplication.java:303)
	at org.springframework.boot.SpringApplication.run(SpringApplication.java:1118)
	at org.springframework.boot.SpringApplication.run(SpringApplication.java:1107)
	at com.example.data.combine.CombineApplication.main(CombineApplication.java:29)
Caused by: org.apache.catalina.LifecycleException: service.getName(): "Tomcat";  Protocol handler start failed
	at org.apache.catalina.connector.Connector.startInternal(Connector.java:1031)
	at org.apache.catalina.util.LifecycleBase.start(LifecycleBase.java:150)
	... 13 common frames omitted
Caused by: java.net.BindException: Address already in use
	at sun.nio.ch.Net.bind0(Native Method)
	at sun.nio.ch.Net.bind(Net.java:433)
	at sun.nio.ch.Net.bind(Net.java:425)
	at sun.nio.ch.ServerSocketChannelImpl.bind(ServerSocketChannelImpl.java:223)
	at sun.nio.ch.ServerSocketAdaptor.bind(ServerSocketAdaptor.java:74)
	at org.apache.tomcat.util.net.NioEndpoint.bind(NioEndpoint.java:210)
	at org.apache.tomcat.util.net.AbstractEndpoint.start(AbstractEndpoint.java:990)
	at org.apache.coyote.AbstractProtocol.start(AbstractProtocol.java:635)
	at org.apache.catalina.connector.Connector.startInternal(Connector.java:1022)
	... 14 common frames omitted
[]2017-10-21T10:40:56,548Z INFO  o.a.coyote.http11.Http11NioProtocol - Pausing ProtocolHandler ["http-nio-8080"]
[]2017-10-21T10:40:56,549Z INFO  o.a.catalina.core.StandardService - Stopping service [Tomcat]
[]2017-10-21T10:40:56,564Z INFO  o.a.catalina.util.LifecycleBase - The stop() method was called on component [StandardServer[-1]] after stop() had already been called. The second call will be ignored.
[]2017-10-21T10:40:56,565Z INFO  o.a.coyote.http11.Http11NioProtocol - Stopping ProtocolHandler ["http-nio-8080"]
[]2017-10-21T10:40:56,565Z INFO  o.a.coyote.http11.Http11NioProtocol - Destroying ProtocolHandler ["http-nio-8080"]
[]2017-10-21T10:41:05,087Z INFO  org.mongodb.driver.connection - Closed connection [connectionId{localValue:2, serverValue:16}] to localhost:27017 because the pool has been closed.
[]2017-10-21T10:41:42,262Z INFO  c.e.data.combine.CombineApplication - application ready to start ... :
[]2017-10-21T10:41:43,612Z INFO  c.e.data.combine.CombineApplication - Starting CombineApplication on khans-MacBook-Pro.local with PID 16668 (/Users/khan/combine/target/classes started by khan in /Users/khan/combine)
[]2017-10-21T10:41:43,612Z INFO  c.e.data.combine.CombineApplication - The following profiles are active: dev
[]2017-10-21T10:41:47,077Z INFO  o.a.catalina.core.StandardService - Starting service [Tomcat]
[]2017-10-21T10:41:47,080Z INFO  o.a.catalina.core.StandardEngine - Starting Servlet Engine: Apache Tomcat/8.5.23
[]2017-10-21T10:41:47,279Z INFO  o.a.c.c.C.[Tomcat].[localhost].[/] - Initializing Spring embedded WebApplicationContext
[]2017-10-21T10:41:50,245Z INFO  org.mongodb.driver.cluster - Cluster created with settings {hosts=[localhost:27017], mode=MULTIPLE, requiredClusterType=UNKNOWN, serverSelectionTimeout='30000 ms', maxWaitQueueSize=500}
[]2017-10-21T10:41:50,246Z INFO  org.mongodb.driver.cluster - Adding discovered server localhost:27017 to client view of cluster
[]2017-10-21T10:41:50,687Z INFO  org.mongodb.driver.connection - Opened connection [connectionId{localValue:1, serverValue:18}] to localhost:27017
[]2017-10-21T10:41:50,691Z INFO  org.mongodb.driver.cluster - Monitor thread successfully connected to server with description ServerDescription{address=localhost:27017, type=STANDALONE, state=CONNECTED, ok=true, version=ServerVersion{versionList=[3, 4, 0]}, minWireVersion=0, maxWireVersion=5, maxDocumentSize=16777216, roundTripTimeNanos=924174}
[]2017-10-21T10:41:50,693Z INFO  org.mongodb.driver.cluster - Discovered cluster type of STANDALONE
[]2017-10-21T10:41:53,889Z INFO  o.a.coyote.http11.Http11NioProtocol - Initializing ProtocolHandler ["http-nio-8080"]
[]2017-10-21T10:41:53,908Z INFO  o.a.coyote.http11.Http11NioProtocol - Starting ProtocolHandler ["http-nio-8080"]
[]2017-10-21T10:41:53,940Z INFO  o.a.tomcat.util.net.NioSelectorPool - Using a shared selector for servlet write/read
[]2017-10-21T10:41:53,997Z INFO  c.e.data.combine.CombineApplication - Started CombineApplication in 11.412 seconds (JVM running for 12.71)
[]2017-10-21T10:41:53,997Z INFO  c.e.data.combine.CombineApplication - application successfully started ... :
[]2017-10-21T10:42:06,984Z INFO  o.a.c.c.C.[Tomcat].[localhost].[/] - Initializing Spring FrameworkServlet 'dispatcherServlet'
[]2017-10-21T10:42:07,103Z INFO  c.e.d.c.controller.MongoController - findName with name : jugal
[]2017-10-21T10:42:10,151Z INFO  c.e.d.c.s.impl.MongoUserServiceImpl - Fiend username with name : jugal
[]2017-10-21T10:42:11,820Z INFO  org.mongodb.driver.connection - Opened connection [connectionId{localValue:2, serverValue:19}] to localhost:27017
[]2017-10-21T10:42:51,790Z INFO  c.e.d.c.s.impl.MongoUserServiceImpl - return  value  json : { }
[]2017-10-21T10:43:02,467Z INFO  org.mongodb.driver.connection - Closed connection [connectionId{localValue:2, serverValue:19}] to localhost:27017 because the pool has been closed.
[]2017-10-21T11:07:22,948Z INFO  c.e.data.combine.CombineApplication - application ready to start ... :
[]2017-10-21T11:07:23,923Z INFO  c.e.data.combine.CombineApplication - Starting CombineApplication on khans-MacBook-Pro.local with PID 18341 (/Users/khan/combine/target/classes started by khan in /Users/khan/combine)
[]2017-10-21T11:07:23,923Z INFO  c.e.data.combine.CombineApplication - The following profiles are active: dev
[]2017-10-21T11:07:27,312Z INFO  o.a.catalina.core.StandardService - Starting service [Tomcat]
[]2017-10-21T11:07:27,314Z INFO  o.a.catalina.core.StandardEngine - Starting Servlet Engine: Apache Tomcat/8.5.23
[]2017-10-21T11:07:27,501Z INFO  o.a.c.c.C.[Tomcat].[localhost].[/] - Initializing Spring embedded WebApplicationContext
[]2017-10-21T11:07:30,448Z INFO  org.mongodb.driver.cluster - Cluster created with settings {hosts=[localhost:27017], mode=MULTIPLE, requiredClusterType=UNKNOWN, serverSelectionTimeout='30000 ms', maxWaitQueueSize=500}
[]2017-10-21T11:07:30,449Z INFO  org.mongodb.driver.cluster - Adding discovered server localhost:27017 to client view of cluster
[]2017-10-21T11:07:30,779Z INFO  org.mongodb.driver.connection - Opened connection [connectionId{localValue:1, serverValue:20}] to localhost:27017
[]2017-10-21T11:07:30,784Z INFO  org.mongodb.driver.cluster - Monitor thread successfully connected to server with description ServerDescription{address=localhost:27017, type=STANDALONE, state=CONNECTED, ok=true, version=ServerVersion{versionList=[3, 4, 0]}, minWireVersion=0, maxWireVersion=5, maxDocumentSize=16777216, roundTripTimeNanos=940780}
[]2017-10-21T11:07:30,789Z INFO  org.mongodb.driver.cluster - Discovered cluster type of STANDALONE
[]2017-10-21T11:07:33,761Z INFO  o.a.coyote.http11.Http11NioProtocol - Initializing ProtocolHandler ["http-nio-8080"]
[]2017-10-21T11:07:33,779Z INFO  o.a.coyote.http11.Http11NioProtocol - Starting ProtocolHandler ["http-nio-8080"]
[]2017-10-21T11:07:33,805Z INFO  o.a.tomcat.util.net.NioSelectorPool - Using a shared selector for servlet write/read
[]2017-10-21T11:07:33,852Z INFO  c.e.data.combine.CombineApplication - Started CombineApplication in 10.554 seconds (JVM running for 11.772)
[]2017-10-21T11:07:33,853Z INFO  c.e.data.combine.CombineApplication - application successfully started ... :
[]2017-10-21T11:09:19,484Z INFO  o.a.c.c.C.[Tomcat].[localhost].[/] - Initializing Spring FrameworkServlet 'dispatcherServlet'
[]2017-10-21T11:09:19,585Z INFO  c.e.d.c.c.PostgresController - findUserName with name : waseem
[]2017-10-21T11:10:13,009Z INFO  c.e.d.c.s.impl.MongoUserServiceImpl - convertAndSaveUser with data: PostgresUser{id='25f9d425-0981-4edd-a266-51077fcf3ef2', name='waseem', address='silkboard', age='20'}
[]2017-10-21T11:10:28,333Z INFO  c.e.d.c.s.impl.MongoUserServiceImpl - start saving data into MOngoCollection mongoUser : MongoUser{id='25f9d425-0981-4edd-a266-51077fcf3ef2', name='waseem', address='silkboard', age='20'}
[]2017-10-21T11:10:45,869Z INFO  org.mongodb.driver.connection - Opened connection [connectionId{localValue:2, serverValue:21}] to localhost:27017
[]2017-10-21T11:10:49,494Z INFO  c.e.d.c.s.impl.MongoUserServiceImpl - successfully  data save into  MOngoCollection mongoUser : MongoUser{id='25f9d425-0981-4edd-a266-51077fcf3ef2', name='waseem', address='silkboard', age='20'}
[]2017-10-21T11:11:03,087Z INFO  org.mongodb.driver.connection - Closed connection [connectionId{localValue:2, serverValue:21}] to localhost:27017 because the pool has been closed.
[]2017-10-21T11:32:28,088Z INFO  c.e.data.combine.CombineApplication - application ready to start ... :
[]2017-10-21T11:32:29,280Z INFO  c.e.data.combine.CombineApplication - Starting CombineApplication on khans-MacBook-Pro.local with PID 20082 (/Users/khan/combine/target/classes started by khan in /Users/khan/combine)
[]2017-10-21T11:32:29,280Z INFO  c.e.data.combine.CombineApplication - The following profiles are active: dev
[]2017-10-21T11:32:32,512Z INFO  o.a.catalina.core.StandardService - Starting service [Tomcat]
[]2017-10-21T11:32:32,516Z INFO  o.a.catalina.core.StandardEngine - Starting Servlet Engine: Apache Tomcat/8.5.23
[]2017-10-21T11:32:32,677Z INFO  o.a.c.c.C.[Tomcat].[localhost].[/] - Initializing Spring embedded WebApplicationContext
[]2017-10-21T11:32:35,118Z INFO  org.mongodb.driver.cluster - Cluster created with settings {hosts=[localhost:27017], mode=MULTIPLE, requiredClusterType=UNKNOWN, serverSelectionTimeout='30000 ms', maxWaitQueueSize=500}
[]2017-10-21T11:32:35,119Z INFO  org.mongodb.driver.cluster - Adding discovered server localhost:27017 to client view of cluster
[]2017-10-21T11:32:35,466Z INFO  org.mongodb.driver.connection - Opened connection [connectionId{localValue:1, serverValue:23}] to localhost:27017
[]2017-10-21T11:32:35,469Z INFO  org.mongodb.driver.cluster - Monitor thread successfully connected to server with description ServerDescription{address=localhost:27017, type=STANDALONE, state=CONNECTED, ok=true, version=ServerVersion{versionList=[3, 4, 0]}, minWireVersion=0, maxWireVersion=5, maxDocumentSize=16777216, roundTripTimeNanos=852796}
[]2017-10-21T11:32:35,472Z INFO  org.mongodb.driver.cluster - Discovered cluster type of STANDALONE
[]2017-10-21T11:32:37,571Z INFO  o.a.coyote.http11.Http11NioProtocol - Initializing ProtocolHandler ["http-nio-8080"]
[]2017-10-21T11:32:37,588Z INFO  o.a.coyote.http11.Http11NioProtocol - Starting ProtocolHandler ["http-nio-8080"]
[]2017-10-21T11:32:37,625Z INFO  o.a.tomcat.util.net.NioSelectorPool - Using a shared selector for servlet write/read
[]2017-10-21T11:32:37,665Z INFO  c.e.data.combine.CombineApplication - Started CombineApplication in 9.274 seconds (JVM running for 10.559)
[]2017-10-21T11:32:37,665Z INFO  c.e.data.combine.CombineApplication - application successfully started ... :
[]2017-10-21T11:33:52,116Z INFO  o.a.c.c.C.[Tomcat].[localhost].[/] - Initializing Spring FrameworkServlet 'dispatcherServlet'
[]2017-10-21T11:33:52,188Z INFO  c.e.d.c.controller.MongoController - findUserName with name : jugal
[]2017-10-21T11:33:52,189Z INFO  c.e.d.c.s.impl.MongoUserServiceImpl - Fiend username with name : jugal
[]2017-10-21T11:33:52,272Z INFO  org.mongodb.driver.connection - Opened connection [connectionId{localValue:2, serverValue:24}] to localhost:27017
[]2017-10-21T11:33:52,324Z INFO  c.e.d.c.s.i.PostgresUserServiceImpl - convertAndSaveUser with data: MongoUser{id='59eb2320d491663f7ea09113', name='jugal', address='hsr layout', age='25'}
[]2017-10-21T11:33:52,324Z INFO  c.e.d.c.s.i.PostgresUserServiceImpl - start saving data into MongoCollection mongoUser : MongoUser{id='59eb2320d491663f7ea09113', name='jugal', address='hsr layout', age='25'}
[]2017-10-21T11:33:52,412Z INFO  c.e.d.c.s.i.PostgresUserServiceImpl - successfully  data save into  postgresUser postgresUser : PostgresUser{id='59eb2320d491663f7ea09113', name='jugal', address='hsr layout', age='25'}
[]2017-10-21T11:40:36,425Z INFO  org.mongodb.driver.connection - Closed connection [connectionId{localValue:2, serverValue:24}] to localhost:27017 because the pool has been closed.
